<?xml version="1.0" encoding="utf-8" standalone="no"?>
<test-run id="2" testcasecount="11" result="Passed" total="11" passed="11" failed="0" inconclusive="0" skipped="0" asserts="44" engine-version="3.8.0.0" clr-version="4.0.30319.42000" start-time="2018-04-12 13:18:56Z" end-time="2018-04-12 13:19:00Z" duration="4.286223">
  <command-line><![CDATA["..\..\packages\NUnit.ConsoleRunner.3.8.0\tools\nunit3-console.exe"  --shadowcopy .\bin\Debug\AeroGear.Mobile.Core.Tests.dll --process=Multiple --timeout=2000 --workers=10 --result=Core.Tests.Results.xml --work=. --labels=All]]></command-line>
  <test-suite type="Assembly" id="1-1017" name="AeroGear.Mobile.Core.Tests.dll" fullname="C:\Users\vsaze\AppData\Local\lxss\home\wojta\rh\ag\aerogear-xamarin-sdk\Core\Tests\bin\Debug\AeroGear.Mobile.Core.Tests.dll" runstate="Runnable" testcasecount="11" result="Passed" start-time="2018-04-12 13:18:57Z" end-time="2018-04-12 13:19:00Z" duration="3.409556" total="11" passed="11" failed="0" warnings="0" inconclusive="0" skipped="0" asserts="44">
    <environment framework-version="3.10.1.0" clr-version="4.0.30319.42000" os-version="Microsoft Windows NT 10.0.16299.0" platform="Win32NT" cwd="C:\Users\vsaze\AppData\Local\lxss\home\wojta\rh\ag\aerogear-xamarin-sdk\Core\Tests" machine-name="DESKTOP-VAP3SUB" user="vsaze" user-domain="DESKTOP-VAP3SUB" culture="cs-CZ" uiculture="en-US" os-architecture="x64" />
    <settings>
      <setting name="ProcessModel" value="Multiple" />
      <setting name="DisposeRunners" value="True" />
      <setting name="ShadowCopyFiles" value="True" />
      <setting name="DefaultTimeout" value="2000" />
      <setting name="WorkDirectory" value="." />
      <setting name="NumberOfTestWorkers" value="10" />
      <setting name="ImageRuntimeVersion" value="4.0.30319" />
      <setting name="ImageTargetFrameworkName" value=".NETFramework,Version=v4.6.1" />
      <setting name="ImageRequiresX86" value="False" />
      <setting name="ImageRequiresDefaultAppDomainAssemblyResolver" value="False" />
    </settings>
    <properties>
      <property name="_PID" value="18624" />
      <property name="_APPDOMAIN" value="domain-8715e740-AeroGear.Mobile.Core.Tests.dll" />
    </properties>
    <test-suite type="TestSuite" id="1-1018" name="Aerogear" fullname="Aerogear" runstate="Runnable" testcasecount="2" result="Passed" start-time="2018-04-12 13:18:57Z" end-time="2018-04-12 13:18:59Z" duration="1.910410" total="2" passed="2" failed="0" warnings="0" inconclusive="0" skipped="0" asserts="11">
      <test-suite type="TestSuite" id="1-1019" name="Mobile" fullname="Aerogear.Mobile" runstate="Runnable" testcasecount="2" result="Passed" start-time="2018-04-12 13:18:57Z" end-time="2018-04-12 13:18:59Z" duration="1.909813" total="2" passed="2" failed="0" warnings="0" inconclusive="0" skipped="0" asserts="11">
        <test-suite type="TestSuite" id="1-1020" name="Core" fullname="Aerogear.Mobile.Core" runstate="Runnable" testcasecount="2" result="Passed" start-time="2018-04-12 13:18:57Z" end-time="2018-04-12 13:18:59Z" duration="1.909781" total="2" passed="2" failed="0" warnings="0" inconclusive="0" skipped="0" asserts="11">
          <test-suite type="TestFixture" id="1-1000" name="MobileCoreTests" fullname="Aerogear.Mobile.Core.MobileCoreTests" classname="Aerogear.Mobile.Core.MobileCoreTests" runstate="Runnable" testcasecount="2" result="Passed" start-time="2018-04-12 13:18:57Z" end-time="2018-04-12 13:18:59Z" duration="1.902149" total="2" passed="2" failed="0" warnings="0" inconclusive="0" skipped="0" asserts="11">
            <properties>
              <property name="Category" value="Core" />
            </properties>
            <test-case id="1-1002" name="TestCallHttpLayerAsync" fullname="Aerogear.Mobile.Core.MobileCoreTests.TestCallHttpLayerAsync" methodname="TestCallHttpLayerAsync" classname="Aerogear.Mobile.Core.MobileCoreTests" runstate="Runnable" seed="1135625289" result="Passed" start-time="2018-04-12 13:18:57Z" end-time="2018-04-12 13:18:58Z" duration="1.766368" asserts="8" />
            <test-case id="1-1001" name="TestCoreInitAndDestroy" fullname="Aerogear.Mobile.Core.MobileCoreTests.TestCoreInitAndDestroy" methodname="TestCoreInitAndDestroy" classname="Aerogear.Mobile.Core.MobileCoreTests" runstate="Runnable" seed="1509442835" result="Passed" start-time="2018-04-12 13:18:58Z" end-time="2018-04-12 13:18:59Z" duration="0.119367" asserts="3" />
          </test-suite>
        </test-suite>
      </test-suite>
    </test-suite>
    <test-suite type="TestSuite" id="1-1021" name="AeroGear" fullname="AeroGear" runstate="Runnable" testcasecount="9" result="Passed" start-time="2018-04-12 13:18:57Z" end-time="2018-04-12 13:19:00Z" duration="3.382197" total="9" passed="9" failed="0" warnings="0" inconclusive="0" skipped="0" asserts="33">
      <test-suite type="TestSuite" id="1-1022" name="Mobile" fullname="AeroGear.Mobile" runstate="Runnable" testcasecount="9" result="Passed" start-time="2018-04-12 13:18:57Z" end-time="2018-04-12 13:19:00Z" duration="3.382188" total="9" passed="9" failed="0" warnings="0" inconclusive="0" skipped="0" asserts="33">
        <test-suite type="TestSuite" id="1-1023" name="Core" fullname="AeroGear.Mobile.Core" runstate="Runnable" testcasecount="9" result="Passed" start-time="2018-04-12 13:18:57Z" end-time="2018-04-12 13:19:00Z" duration="3.382180" total="9" passed="9" failed="0" warnings="0" inconclusive="0" skipped="0" asserts="33">
          <test-suite type="TestSuite" id="1-1024" name="Tests" fullname="AeroGear.Mobile.Core.Tests" runstate="Runnable" testcasecount="9" result="Passed" start-time="2018-04-12 13:18:57Z" end-time="2018-04-12 13:19:00Z" duration="3.382173" total="9" passed="9" failed="0" warnings="0" inconclusive="0" skipped="0" asserts="33">
            <test-suite type="TestSuite" id="1-1026" name="AeroGear" fullname="AeroGear.Mobile.Core.Tests.AeroGear" runstate="Runnable" testcasecount="2" result="Passed" start-time="2018-04-12 13:18:57Z" end-time="2018-04-12 13:18:59Z" duration="2.522746" total="2" passed="2" failed="0" warnings="0" inconclusive="0" skipped="0" asserts="7">
              <test-suite type="TestSuite" id="1-1027" name="Mobile" fullname="AeroGear.Mobile.Core.Tests.AeroGear.Mobile" runstate="Runnable" testcasecount="2" result="Passed" start-time="2018-04-12 13:18:57Z" end-time="2018-04-12 13:18:59Z" duration="2.522739" total="2" passed="2" failed="0" warnings="0" inconclusive="0" skipped="0" asserts="7">
                <test-suite type="TestFixture" id="1-1007" name="AsyncExperiments" fullname="AeroGear.Mobile.Core.Tests.AeroGear.Mobile.AsyncExperiments" classname="AeroGear.Mobile.Core.Tests.AeroGear.Mobile.AsyncExperiments" runstate="Runnable" testcasecount="1" result="Passed" start-time="2018-04-12 13:18:59Z" end-time="2018-04-12 13:18:59Z" duration="0.604230" total="1" passed="1" failed="0" warnings="0" inconclusive="0" skipped="0" asserts="1">
                  <test-case id="1-1008" name="TestAsync" fullname="AeroGear.Mobile.Core.Tests.AeroGear.Mobile.AsyncExperiments.TestAsync" methodname="TestAsync" classname="AeroGear.Mobile.Core.Tests.AeroGear.Mobile.AsyncExperiments" runstate="Runnable" seed="1293693775" result="Passed" start-time="2018-04-12 13:18:59Z" end-time="2018-04-12 13:18:59Z" duration="0.603994" asserts="1" />
                </test-suite>
                <test-suite type="TestSuite" id="1-1028" name="Core" fullname="AeroGear.Mobile.Core.Tests.AeroGear.Mobile.Core" runstate="Runnable" testcasecount="1" result="Passed" start-time="2018-04-12 13:18:57Z" end-time="2018-04-12 13:18:59Z" duration="2.522724" total="1" passed="1" failed="0" warnings="0" inconclusive="0" skipped="0" asserts="6">
                  <test-suite type="TestSuite" id="1-1029" name="Configuration" fullname="AeroGear.Mobile.Core.Tests.AeroGear.Mobile.Core.Configuration" runstate="Runnable" testcasecount="1" result="Passed" start-time="2018-04-12 13:18:57Z" end-time="2018-04-12 13:18:59Z" duration="2.522712" total="1" passed="1" failed="0" warnings="0" inconclusive="0" skipped="0" asserts="6">
                    <test-suite type="TestFixture" id="1-1009" name="ServiceConfigurationTest" fullname="AeroGear.Mobile.Core.Tests.AeroGear.Mobile.Core.Configuration.ServiceConfigurationTest" classname="AeroGear.Mobile.Core.Tests.AeroGear.Mobile.Core.Configuration.ServiceConfigurationTest" runstate="Runnable" testcasecount="1" result="Passed" start-time="2018-04-12 13:18:59Z" end-time="2018-04-12 13:18:59Z" duration="0.005666" total="1" passed="1" failed="0" warnings="0" inconclusive="0" skipped="0" asserts="6">
                      <test-case id="1-1010" name="TestCreateConfig" fullname="AeroGear.Mobile.Core.Tests.AeroGear.Mobile.Core.Configuration.ServiceConfigurationTest.TestCreateConfig" methodname="TestCreateConfig" classname="AeroGear.Mobile.Core.Tests.AeroGear.Mobile.Core.Configuration.ServiceConfigurationTest" runstate="Runnable" seed="1556274605" result="Passed" start-time="2018-04-12 13:18:59Z" end-time="2018-04-12 13:18:59Z" duration="0.005314" asserts="6" />
                    </test-suite>
                  </test-suite>
                </test-suite>
              </test-suite>
            </test-suite>
            <test-suite type="TestSuite" id="1-1025" name="Configuration" fullname="AeroGear.Mobile.Core.Tests.Configuration" runstate="Runnable" testcasecount="1" result="Passed" start-time="2018-04-12 13:18:57Z" end-time="2018-04-12 13:18:59Z" duration="2.523629" total="1" passed="1" failed="0" warnings="0" inconclusive="0" skipped="0" asserts="2">
              <test-suite type="TestFixture" id="1-1005" name="MobileCoreParserTest" fullname="AeroGear.Mobile.Core.Tests.Configuration.MobileCoreParserTest" classname="AeroGear.Mobile.Core.Tests.Configuration.MobileCoreParserTest" runstate="Runnable" testcasecount="1" result="Passed" start-time="2018-04-12 13:18:59Z" end-time="2018-04-12 13:18:59Z" duration="0.000881" total="1" passed="1" failed="0" warnings="0" inconclusive="0" skipped="0" asserts="2">
                <properties>
                  <property name="Category" value="Configuration" />
                </properties>
                <test-case id="1-1006" name="TestMobileCoreParsing" fullname="AeroGear.Mobile.Core.Tests.Configuration.MobileCoreParserTest.TestMobileCoreParsing" methodname="TestMobileCoreParsing" classname="AeroGear.Mobile.Core.Tests.Configuration.MobileCoreParserTest" runstate="Runnable" seed="362727462" result="Passed" start-time="2018-04-12 13:18:59Z" end-time="2018-04-12 13:18:59Z" duration="0.000644" asserts="2" />
              </test-suite>
            </test-suite>
            <test-suite type="TestFixture" id="1-1003" name="DummyModuleInitTest" fullname="AeroGear.Mobile.Core.Tests.DummyModuleInitTest" classname="AeroGear.Mobile.Core.Tests.DummyModuleInitTest" runstate="Runnable" testcasecount="1" result="Passed" start-time="2018-04-12 13:18:59Z" end-time="2018-04-12 13:18:59Z" duration="0.003620" total="1" passed="1" failed="0" warnings="0" inconclusive="0" skipped="0" asserts="5">
              <properties>
                <property name="Category" value="Core" />
              </properties>
              <test-case id="1-1004" name="TestModuleInitialized" fullname="AeroGear.Mobile.Core.Tests.DummyModuleInitTest.TestModuleInitialized" methodname="TestModuleInitialized" classname="AeroGear.Mobile.Core.Tests.DummyModuleInitTest" runstate="Runnable" seed="1122959986" result="Passed" start-time="2018-04-12 13:18:59Z" end-time="2018-04-12 13:18:59Z" duration="0.003411" asserts="5" />
            </test-suite>
            <test-suite type="TestSuite" id="1-1030" name="Http" fullname="AeroGear.Mobile.Core.Tests.Http" runstate="Runnable" testcasecount="5" result="Passed" start-time="2018-04-12 13:18:57Z" end-time="2018-04-12 13:19:00Z" duration="3.382140" total="5" passed="5" failed="0" warnings="0" inconclusive="0" skipped="0" asserts="19">
              <test-suite type="TestFixture" id="1-1011" name="SystemNetHttpServiceModuleTest" fullname="AeroGear.Mobile.Core.Tests.Http.SystemNetHttpServiceModuleTest" classname="AeroGear.Mobile.Core.Tests.Http.SystemNetHttpServiceModuleTest" runstate="Runnable" testcasecount="5" result="Passed" start-time="2018-04-12 13:18:59Z" end-time="2018-04-12 13:19:00Z" duration="0.854859" total="5" passed="5" failed="0" warnings="0" inconclusive="0" skipped="0" asserts="19">
                <properties>
                  <property name="Category" value="Http" />
                </properties>
                <test-case id="1-1016" name="TestGetRequestNotFound" fullname="AeroGear.Mobile.Core.Tests.Http.SystemNetHttpServiceModuleTest.TestGetRequestNotFound" methodname="TestGetRequestNotFound" classname="AeroGear.Mobile.Core.Tests.Http.SystemNetHttpServiceModuleTest" runstate="Runnable" seed="1547036630" result="Passed" start-time="2018-04-12 13:18:59Z" end-time="2018-04-12 13:18:59Z" duration="0.142125" asserts="2" />
                <test-case id="1-1013" name="TestGetRequestSuccessfulLocal" fullname="AeroGear.Mobile.Core.Tests.Http.SystemNetHttpServiceModuleTest.TestGetRequestSuccessfulLocal" methodname="TestGetRequestSuccessfulLocal" classname="AeroGear.Mobile.Core.Tests.Http.SystemNetHttpServiceModuleTest" runstate="Runnable" seed="1278159297" result="Passed" start-time="2018-04-12 13:18:59Z" end-time="2018-04-12 13:18:59Z" duration="0.108722" asserts="6" />
                <test-case id="1-1015" name="TestGetRequestSuccessfulNetwork" fullname="AeroGear.Mobile.Core.Tests.Http.SystemNetHttpServiceModuleTest.TestGetRequestSuccessfulNetwork" methodname="TestGetRequestSuccessfulNetwork" classname="AeroGear.Mobile.Core.Tests.Http.SystemNetHttpServiceModuleTest" runstate="Runnable" seed="24315055" result="Passed" start-time="2018-04-12 13:18:59Z" end-time="2018-04-12 13:19:00Z" duration="0.207338" asserts="4" />
                <test-case id="1-1014" name="TestGetRequestWithHeader" fullname="AeroGear.Mobile.Core.Tests.Http.SystemNetHttpServiceModuleTest.TestGetRequestWithHeader" methodname="TestGetRequestWithHeader" classname="AeroGear.Mobile.Core.Tests.Http.SystemNetHttpServiceModuleTest" runstate="Runnable" seed="101507120" result="Passed" start-time="2018-04-12 13:19:00Z" end-time="2018-04-12 13:19:00Z" duration="0.294735" asserts="6" />
                <test-case id="1-1012" name="TestType" fullname="AeroGear.Mobile.Core.Tests.Http.SystemNetHttpServiceModuleTest.TestType" methodname="TestType" classname="AeroGear.Mobile.Core.Tests.Http.SystemNetHttpServiceModuleTest" runstate="Runnable" seed="2118077254" result="Passed" start-time="2018-04-12 13:19:00Z" end-time="2018-04-12 13:19:00Z" duration="0.101576" asserts="1" />
              </test-suite>
            </test-suite>
          </test-suite>
        </test-suite>
      </test-suite>
    </test-suite>
  </test-suite>
</test-run>